[debug] [2019-09-16T18:59:21.178Z] ----------------------------------------------------------------------
[debug] [2019-09-16T18:59:21.182Z] Command:       C:\Program Files\nodejs\node.exe C:\Users\nnangeawong\AppData\Roaming\npm\node_modules\firebase-tools\lib\bin\firebase.js init
[debug] [2019-09-16T18:59:21.183Z] CLI Version:   7.3.2
[debug] [2019-09-16T18:59:21.183Z] Platform:      win32
[debug] [2019-09-16T18:59:21.183Z] Node Version:  v10.16.3
[debug] [2019-09-16T18:59:21.185Z] Time:          Mon Sep 16 2019 20:59:21 GMT+0200 (Central European Summer Time)
[debug] [2019-09-16T18:59:21.185Z] ----------------------------------------------------------------------
[debug] 
[debug] [2019-09-16T18:59:21.198Z] > command requires scopes: ["email","openid","https://www.googleapis.com/auth/cloudplatformprojects.readonly","https://www.googleapis.com/auth/firebase","https://www.googleapis.com/auth/cloud-platform"]
[debug] [2019-09-16T18:59:21.199Z] > authorizing via signed-in user
[info] 
     ######## #### ########  ######## ########     ###     ######  ########
     ##        ##  ##     ## ##       ##     ##  ##   ##  ##       ##
     ######    ##  ########  ######   ########  #########  ######  ######
     ##        ##  ##    ##  ##       ##     ## ##     ##       ## ##
     ##       #### ##     ## ######## ########  ##     ##  ######  ########

You're about to initialize a Firebase project in this directory:

  D:\CodingProjects\JavascriptProjects\UdemyLectures\Chapter 13(WeatherProj)

[info] 
=== Project Setup
[info] 
[info] First, let's associate this project directory with a Firebase project.
[info] You can create multiple project aliases by running firebase use --add, 
[info] but for now we'll just set up a default project.
[info] 
[debug] [2019-09-16T19:00:39.032Z] > refreshing access token with scopes: ["email","https://www.googleapis.com/auth/cloud-platform","https://www.googleapis.com/auth/cloudplatformprojects.readonly","https://www.googleapis.com/auth/firebase","openid"]
[debug] [2019-09-16T19:00:39.033Z] >>> HTTP REQUEST POST https://www.googleapis.com/oauth2/v3/token  
 <request body omitted>
[debug] [2019-09-16T19:00:39.722Z] <<< HTTP RESPONSE 200
[debug] [2019-09-16T19:00:39.772Z] >>> HTTP REQUEST GET https://firebase.googleapis.com/v1beta1/projects?pageSize=100  
 
[debug] [2019-09-16T19:00:40.133Z] <<< HTTP RESPONSE 200
[info] i  Using project udemy-modern-javascript-91806 (Udemy-modern-javascript)
[info] 
=== Hosting Setup
[info] 
[info] Your public directory is the folder (relative to your project directory) that
[info] will contain Hosting assets to be uploaded with firebase deploy. If you
[info] have a build process for your assets, use your build's output directory.
[info] 
